<?xml version="1.0" encoding="UTF-8"?>
<!-- Generated by org.testng.reporters.JUnitXMLReporter -->
<testsuite ignored="0" hostname="DELL" failures="0" tests="3" name="Test" time="0.066" errors="0" timestamp="2025-02-06T07:38:38 IST">
  <testcase classname="create_org.Sample2Test" name="contactdeleted" time="0.011"/>
  <testcase classname="create_org.Sample2Test" name="contactmodified" time="0.001"/>
  <testcase classname="create_org.SampleTest" name="CreateContact" time="0.001"/>
</testsuite> <!-- Test -->
